#
# A fatal error has been detected by the Java Runtime Environment:
#
#  Internal Error (classFileParser.cpp:3494), pid=29897, tid=3061816128
#  Error: ShouldNotReachHere()
#
# JRE version: 6.0_27-b27
# Java VM: OpenJDK Server VM (20.0-b12 mixed mode linux-x86 )
# Derivative: IcedTea6 1.12.3
# Distribution: Ubuntu 12.04 LTS, package 6b27-1.12.3-0ubuntu1~12.04.1
# If you would like to submit a bug report, please include
# instructions how to reproduce the bug and visit:
#   https://bugs.launchpad.net/ubuntu/+source/openjdk-6/
#

---------------  T H R E A D  ---------------

Current thread (0xb6605400):  JavaThread "Unknown thread" [_thread_in_vm, id=29902, stack(0xb67a9000,0xb67fa000)]

Stack: [0xb67a9000,0xb67fa000]
[error occurred during error reporting (printing stack bounds), id 0xb]


[error occurred during error reporting (printing native stack), id 0xb]


---------------  P R O C E S S  ---------------

Java Threads: ( => current thread )

Other Threads:

=>0xb6605400 (exited) JavaThread "Unknown thread" [_thread_in_vm, id=29902, stack(0xb67a9000,0xb67fa000)]

VM state:not at safepoint (not fully initialized)

VM Mutex/Monitor currently owned by a thread: None

Dynamic libraries:
08048000-08051000 r-xp 00000000 08:05 1587643    /usr/lib/jvm/java-6-openjdk-i386/jre/bin/java
08051000-08052000 r--p 00008000 08:05 1587643    /usr/lib/jvm/java-6-openjdk-i386/jre/bin/java
08052000-08053000 rw-p 00009000 08:05 1587643    /usr/lib/jvm/java-6-openjdk-i386/jre/bin/java
0837a000-0839b000 rw-p 00000000 00:00 0          [heap]
6c73b000-6c800000 r--s 0115c000 08:05 821668     /home/k-joseph/MyProgs/android/adt-bundle-linux-x86/sdk/platforms/android-17/android.jar
6c800000-6c821000 rw-p 00000000 00:00 0 
6c821000-6c900000 ---p 00000000 00:00 0 
6c97f000-6c980000 ---p 00000000 00:00 0 
6c980000-6ca00000 rw-p 00000000 00:00 0 
6ca00000-6ca21000 rw-p 00000000 00:00 0 
6ca21000-6cb00000 ---p 00000000 00:00 0 
6cb7f000-6cb80000 ---p 00000000 00:00 0 
6cb80000-6cc00000 rw-p 00000000 00:00 0 
6cc00000-6cc21000 rw-p 00000000 00:00 0 
6cc21000-6cd00000 ---p 00000000 00:00 0 
6cd7f000-6cd80000 ---p 00000000 00:00 0 
6cd80000-6ce00000 rw-p 00000000 00:00 0 
6ce00000-6ce21000 rw-p 00000000 00:00 0 
6ce21000-6cf00000 ---p 00000000 00:00 0 
6cf01000-6cf02000 ---p 00000000 00:00 0 
6cf02000-6cf8a000 rw-p 00000000 00:00 0 
6cf8a000-6cfc2000 rw-p 00000000 00:00 0 
6cfc2000-6cfd7000 rw-p 00000000 00:00 0 
6cfd7000-6d10e000 rw-p 00000000 00:00 0 
6d10e000-6d116000 rw-p 00000000 00:00 0 
6d116000-6d14e000 rw-p 00000000 00:00 0 
6d14e000-6d163000 rw-p 00000000 00:00 0 
6d163000-6d299000 rw-p 00000000 00:00 0 
6d299000-6d2a4000 rw-p 00000000 00:00 0 
6d2a4000-6d33f000 rw-p 00000000 00:00 0 
6d33f000-6e340000 rw-p 00000000 00:00 0 
6e340000-75340000 rw-p 00000000 00:00 0 
75340000-77ca0000 rw-p 00000000 00:00 0 
77ca0000-9e9f0000 rw-p 00000000 00:00 0 
9e9f0000-9fea0000 rw-p 00000000 00:00 0 
9fea0000-b3540000 rw-p 00000000 00:00 0 
b3540000-b3549000 rw-p 00000000 00:00 0 
b3549000-b3600000 rw-p 00000000 00:00 0 
b3600000-b3840000 rwxp 00000000 00:00 0 
b3840000-b6664000 rw-p 00000000 00:00 0 
b6664000-b6700000 ---p 00000000 00:00 0 
b6722000-b672d000 r-xp 00000000 08:05 523377     /lib/i386-linux-gnu/libnss_files-2.15.so
b672d000-b672e000 r--p 0000a000 08:05 523377     /lib/i386-linux-gnu/libnss_files-2.15.so
b672e000-b672f000 rw-p 0000b000 08:05 523377     /lib/i386-linux-gnu/libnss_files-2.15.so
b672f000-b6739000 r-xp 00000000 08:05 527317     /lib/i386-linux-gnu/libnss_nis-2.15.so
b6739000-b673a000 r--p 00009000 08:05 527317     /lib/i386-linux-gnu/libnss_nis-2.15.so
b673a000-b673b000 rw-p 0000a000 08:05 527317     /lib/i386-linux-gnu/libnss_nis-2.15.so
b673b000-b6751000 r-xp 00000000 08:05 530240     /lib/i386-linux-gnu/libnsl-2.15.so
b6751000-b6752000 r--p 00015000 08:05 530240     /lib/i386-linux-gnu/libnsl-2.15.so
b6752000-b6753000 rw-p 00016000 08:05 530240     /lib/i386-linux-gnu/libnsl-2.15.so
b6753000-b6755000 rw-p 00000000 00:00 0 
b6755000-b675c000 r-xp 00000000 08:05 523366     /lib/i386-linux-gnu/libnss_compat-2.15.so
b675c000-b675d000 r--p 00006000 08:05 523366     /lib/i386-linux-gnu/libnss_compat-2.15.so
b675d000-b675e000 rw-p 00007000 08:05 523366     /lib/i386-linux-gnu/libnss_compat-2.15.so
b676e000-b6775000 r-xp 00000000 08:05 1587573    /usr/lib/jvm/java-6-openjdk-i386/jre/lib/i386/libzip.so
b6775000-b6776000 r--p 00006000 08:05 1587573    /usr/lib/jvm/java-6-openjdk-i386/jre/lib/i386/libzip.so
b6776000-b6777000 rw-p 00007000 08:05 1587573    /usr/lib/jvm/java-6-openjdk-i386/jre/lib/i386/libzip.so
b6777000-b679d000 r-xp 00000000 08:05 1587572    /usr/lib/jvm/java-6-openjdk-i386/jre/lib/i386/libjava.so
b679d000-b679e000 r--p 00025000 08:05 1587572    /usr/lib/jvm/java-6-openjdk-i386/jre/lib/i386/libjava.so
b679e000-b67a0000 rw-p 00026000 08:05 1587572    /usr/lib/jvm/java-6-openjdk-i386/jre/lib/i386/libjava.so
b67a0000-b67a7000 r-xp 00000000 08:05 523493     /lib/i386-linux-gnu/librt-2.15.so
b67a7000-b67a8000 r--p 00006000 08:05 523493     /lib/i386-linux-gnu/librt-2.15.so
b67a8000-b67a9000 rw-p 00007000 08:05 523493     /lib/i386-linux-gnu/librt-2.15.so
b67a9000-b67ac000 ---p 00000000 00:00 0 
b67ac000-b67fa000 rw-p 00000000 00:00 0 
b67fa000-b6816000 r-xp 00000000 08:05 523272     /lib/i386-linux-gnu/libgcc_s.so.1
b6816000-b6817000 r--p 0001b000 08:05 523272     /lib/i386-linux-gnu/libgcc_s.so.1
b6817000-b6818000 rw-p 0001c000 08:05 523272     /lib/i386-linux-gnu/libgcc_s.so.1
b6818000-b6842000 r-xp 00000000 08:05 530231     /lib/i386-linux-gnu/libm-2.15.so
b6842000-b6843000 r--p 00029000 08:05 530231     /lib/i386-linux-gnu/libm-2.15.so
b6843000-b6844000 rw-p 0002a000 08:05 530231     /lib/i386-linux-gnu/libm-2.15.so
b6844000-b691c000 r-xp 00000000 08:05 1572621    /usr/lib/i386-linux-gnu/libstdc++.so.6.0.16
b691c000-b691d000 ---p 000d8000 08:05 1572621    /usr/lib/i386-linux-gnu/libstdc++.so.6.0.16
b691d000-b6921000 r--p 000d8000 08:05 1572621    /usr/lib/i386-linux-gnu/libstdc++.so.6.0.16
b6921000-b6922000 rw-p 000dc000 08:05 1572621    /usr/lib/i386-linux-gnu/libstdc++.so.6.0.16
b6922000-b6929000 rw-p 00000000 00:00 0 
b6929000-b7148000 r-xp 00000000 08:05 1587590    /usr/lib/jvm/java-6-openjdk-i386/jre/lib/i386/server/libjvm.so
b7148000-b7149000 ---p 0081f000 08:05 1587590    /usr/lib/jvm/java-6-openjdk-i386/jre/lib/i386/server/libjvm.so
b7149000-b718e000 r--p 0081f000 08:05 1587590    /usr/lib/jvm/java-6-openjdk-i386/jre/lib/i386/server/libjvm.so
b718e000-b719d000 rw-p 00864000 08:05 1587590    /usr/lib/jvm/java-6-openjdk-i386/jre/lib/i386/server/libjvm.so
b719d000-b75b9000 rw-p 00000000 00:00 0 
b75b9000-b75cd000 r-xp 00000000 08:05 523494     /lib/i386-linux-gnu/libz.so.1.2.3.4
b75cd000-b75ce000 r--p 00013000 08:05 523494     /lib/i386-linux-gnu/libz.so.1.2.3.4
b75ce000-b75cf000 rw-p 00014000 08:05 523494     /lib/i386-linux-gnu/libz.so.1.2.3.4
b75cf000-b7772000 r-xp 00000000 08:05 523364     /lib/i386-linux-gnu/libc-2.15.so
b7772000-b7773000 ---p 001a3000 08:05 523364     /lib/i386-linux-gnu/libc-2.15.so
b7773000-b7775000 r--p 001a3000 08:05 523364     /lib/i386-linux-gnu/libc-2.15.so
b7775000-b7776000 rw-p 001a5000 08:05 523364     /lib/i386-linux-gnu/libc-2.15.so
b7776000-b7779000 rw-p 00000000 00:00 0 
b7779000-b777c000 r-xp 00000000 08:05 530235     /lib/i386-linux-gnu/libdl-2.15.so
b777c000-b777d000 r--p 00002000 08:05 530235     /lib/i386-linux-gnu/libdl-2.15.so
b777d000-b777e000 rw-p 00003000 08:05 530235     /lib/i386-linux-gnu/libdl-2.15.so
b777e000-b7782000 r-xp 00000000 08:05 1587605    /usr/lib/jvm/java-6-openjdk-i386/jre/lib/i386/jli/libjli.so
b7782000-b7783000 r--p 00003000 08:05 1587605    /usr/lib/jvm/java-6-openjdk-i386/jre/lib/i386/jli/libjli.so
b7783000-b7784000 rw-p 00004000 08:05 1587605    /usr/lib/jvm/java-6-openjdk-i386/jre/lib/i386/jli/libjli.so
b7784000-b7785000 rw-p 00000000 00:00 0 
b7785000-b779c000 r-xp 00000000 08:05 527319     /lib/i386-linux-gnu/libpthread-2.15.so
b779c000-b779d000 r--p 00016000 08:05 527319     /lib/i386-linux-gnu/libpthread-2.15.so
b779d000-b779e000 rw-p 00017000 08:05 527319     /lib/i386-linux-gnu/libpthread-2.15.so
b779e000-b77a0000 rw-p 00000000 00:00 0 
b77a1000-b77a9000 rw-s 00000000 08:05 2500575    /tmp/hsperfdata_k-joseph/29897
b77a9000-b77aa000 rw-p 00000000 00:00 0 
b77aa000-b77ab000 r--p 00000000 00:00 0 
b77ab000-b77b6000 r-xp 00000000 08:05 1587602    /usr/lib/jvm/java-6-openjdk-i386/jre/lib/i386/libverify.so
b77b6000-b77b7000 ---p 0000b000 08:05 1587602    /usr/lib/jvm/java-6-openjdk-i386/jre/lib/i386/libverify.so
b77b7000-b77b8000 r--p 0000b000 08:05 1587602    /usr/lib/jvm/java-6-openjdk-i386/jre/lib/i386/libverify.so
b77b8000-b77b9000 rw-p 0000c000 08:05 1587602    /usr/lib/jvm/java-6-openjdk-i386/jre/lib/i386/libverify.so
b77b9000-b77bb000 rw-p 00000000 00:00 0 
b77bb000-b77bc000 r-xp 00000000 00:00 0          [vdso]
b77bc000-b77dc000 r-xp 00000000 08:05 530232     /lib/i386-linux-gnu/ld-2.15.so
b77dc000-b77dd000 r--p 0001f000 08:05 530232     /lib/i386-linux-gnu/ld-2.15.so
b77dd000-b77de000 rw-p 00020000 08:05 530232     /lib/i386-linux-gnu/ld-2.15.so
bf9d8000-bf9f9000 rw-p 00000000 00:00 0          [stack]

VM Arguments:
jvm_args: -Dfile.encoding=UTF-8 -Xbootclasspath:/home/k-joseph/MyProgs/android/adt-bundle-linux-x86/sdk/platforms/android-17/android.jar 
java_command: com.jkaweesi.contactsBackUp.db.ContactsBackUpDBSQLQueries
Launcher Type: SUN_STANDARD

Environment Variables:
PATH=...(other path):/usr/lib/jvm/java-6-openjdk-i386/bin:/usr/lib/jvm/java-6-openjdk-i386/jre:/usr/lib/lightdm/lightdm:/usr/local/sbin:/usr/local/bin:/usr/sbin:/usr/bin:/sbin:/bin:/usr/games:/usr/local/games
LD_LIBRARY_PATH=/usr/lib/jvm/java-6-openjdk-i386/jre/lib/i386/server:/usr/lib/jvm/java-6-openjdk-i386/jre/lib/i386:/usr/lib/jvm/java-6-openjdk-i386/jre/../lib/i386:/usr/lib/jvm/java-6-openjdk-i386/jre/lib/i386/client:/usr/lib/jvm/java-6-openjdk-i386/jre/lib/i386:
SHELL=/bin/bash
DISPLAY=:0.0

Signal Handlers:
SIGSEGV: [libjvm.so+0x66b360], sa_mask[0]=0x7ffbfeff, sa_flags=0x10000004
SIGBUS: [libjvm.so+0x66b360], sa_mask[0]=0x7ffbfeff, sa_flags=0x10000004
SIGFPE: [libjvm.so+0x52e900], sa_mask[0]=0x7ffbfeff, sa_flags=0x10000004
SIGPIPE: [libjvm.so+0x52e900], sa_mask[0]=0x7ffbfeff, sa_flags=0x10000004
SIGXFSZ: [libjvm.so+0x52e900], sa_mask[0]=0x7ffbfeff, sa_flags=0x10000004
SIGILL: [libjvm.so+0x52e900], sa_mask[0]=0x7ffbfeff, sa_flags=0x10000004
SIGUSR1: SIG_DFL, sa_mask[0]=0x00000000, sa_flags=0x00000000
SIGUSR2: [libjvm.so+0x52e790], sa_mask[0]=0x00000004, sa_flags=0x10000004
SIGHUP: SIG_DFL, sa_mask[0]=0x00000000, sa_flags=0x00000000
SIGINT: SIG_DFL, sa_mask[0]=0x00000000, sa_flags=0x00000000
SIGTERM: SIG_DFL, sa_mask[0]=0x00000000, sa_flags=0x00000000
SIGQUIT: SIG_DFL, sa_mask[0]=0x00000000, sa_flags=0x00000000


---------------  S Y S T E M  ---------------

OS:Ubuntu 12.04 (precise)
uname:Linux 3.2.0-17-generic-pae #27-Ubuntu SMP Fri Feb 24 15:59:25 UTC 2012 i686
libc:glibc 2.15 NPTL 2.15 
rlimit: STACK 8192k, CORE 0k, NPROC 31647, NOFILE 4096, AS infinity
load average:0.09 0.12 0.13

/proc/meminfo:
MemTotal:        4065408 kB
MemFree:         1125468 kB
Buffers:          151972 kB
Cached:          1163204 kB
SwapCached:       103652 kB
Active:          1895388 kB
Inactive:         945528 kB
Active(anon):    1440944 kB
Inactive(anon):   326248 kB
Active(file):     454444 kB
Inactive(file):   619280 kB
Unevictable:           0 kB
Mlocked:               0 kB
HighTotal:       3227912 kB
HighFree:         527220 kB
LowTotal:         837496 kB
LowFree:          598248 kB
SwapTotal:       5188600 kB
SwapFree:        4406264 kB
Dirty:               588 kB
Writeback:             0 kB
AnonPages:       1487636 kB
Mapped:           136756 kB
Shmem:            241296 kB
Slab:              53224 kB
SReclaimable:      28568 kB
SUnreclaim:        24656 kB
KernelStack:        4232 kB
PageTables:        16428 kB
NFS_Unstable:          0 kB
Bounce:                0 kB
WritebackTmp:          0 kB
CommitLimit:     7221304 kB
Committed_AS:    5763968 kB
VmallocTotal:     122880 kB
VmallocUsed:       21388 kB
VmallocChunk:      94804 kB
HardwareCorrupted:     0 kB
AnonHugePages:         0 kB
HugePages_Total:       0
HugePages_Free:        0
HugePages_Rsvd:        0
HugePages_Surp:        0
Hugepagesize:       2048 kB
DirectMap4k:       12280 kB
DirectMap2M:      901120 kB


CPU:total 4 (2 cores per cpu, 2 threads per core) family 6 model 42 stepping 7, cmov, cx8, fxsr, mmx, sse, sse2, sse3, ssse3, sse4.1, sse4.2, popcnt, ht

Memory: 4k page, physical 4065408k(1125220k free), swap 5188600k(4406264k free)

vm_info: OpenJDK Server VM (20.0-b12) for linux-x86 JRE (1.6.0_27-b27), built on Mar  5 2013 00:35:40 by "buildd" with gcc 4.6.3

time: Wed Aug 27 13:08:13 2014
elapsed time: 0 seconds

