#
# A fatal error has been detected by the Java Runtime Environment:
#
#  Internal Error (classFileParser.cpp:3494), pid=17128, tid=3061791552
#  Error: ShouldNotReachHere()
#
# JRE version: 6.0_27-b27
# Java VM: OpenJDK Server VM (20.0-b12 mixed mode linux-x86 )
# Derivative: IcedTea6 1.12.3
# Distribution: Ubuntu 12.04 LTS, package 6b27-1.12.3-0ubuntu1~12.04.1
# If you would like to submit a bug report, please include
# instructions how to reproduce the bug and visit:
#   https://bugs.launchpad.net/ubuntu/+source/openjdk-6/
#

---------------  T H R E A D  ---------------

Current thread (0xb6605400):  JavaThread "Unknown thread" [_thread_in_vm, id=17133, stack(0xb67a3000,0xb67f4000)]

Stack: [0xb67a3000,0xb67f4000]
[error occurred during error reporting (printing stack bounds), id 0xb]


[error occurred during error reporting (printing native stack), id 0xb]


---------------  P R O C E S S  ---------------

Java Threads: ( => current thread )

Other Threads:

=>0xb6605400 (exited) JavaThread "Unknown thread" [_thread_in_vm, id=17133, stack(0xb67a3000,0xb67f4000)]

VM state:not at safepoint (not fully initialized)

VM Mutex/Monitor currently owned by a thread: None

Dynamic libraries:
08048000-08051000 r-xp 00000000 08:05 1587643    /usr/lib/jvm/java-6-openjdk-i386/jre/bin/java
08051000-08052000 r--p 00008000 08:05 1587643    /usr/lib/jvm/java-6-openjdk-i386/jre/bin/java
08052000-08053000 rw-p 00009000 08:05 1587643    /usr/lib/jvm/java-6-openjdk-i386/jre/bin/java
091c2000-091e3000 rw-p 00000000 00:00 0          [heap]
6c73b000-6c800000 r--s 0115c000 08:05 821668     /home/k-joseph/MyProgs/android/adt-bundle-linux-x86/sdk/platforms/android-17/android.jar
6c800000-6c821000 rw-p 00000000 00:00 0 
6c821000-6c900000 ---p 00000000 00:00 0 
6c97f000-6c980000 ---p 00000000 00:00 0 
6c980000-6ca00000 rw-p 00000000 00:00 0 
6ca00000-6ca21000 rw-p 00000000 00:00 0 
6ca21000-6cb00000 ---p 00000000 00:00 0 
6cb7f000-6cb80000 ---p 00000000 00:00 0 
6cb80000-6cc00000 rw-p 00000000 00:00 0 
6cc00000-6cc21000 rw-p 00000000 00:00 0 
6cc21000-6cd00000 ---p 00000000 00:00 0 
6cd7f000-6cd80000 ---p 00000000 00:00 0 
6cd80000-6ce00000 rw-p 00000000 00:00 0 
6ce00000-6ce21000 rw-p 00000000 00:00 0 
6ce21000-6cf00000 ---p 00000000 00:00 0 
6cf01000-6cf02000 ---p 00000000 00:00 0 
6cf02000-6cf8a000 rw-p 00000000 00:00 0 
6cf8a000-6cfc2000 rw-p 00000000 00:00 0 
6cfc2000-6cfd7000 rw-p 00000000 00:00 0 
6cfd7000-6d10e000 rw-p 00000000 00:00 0 
6d10e000-6d116000 rw-p 00000000 00:00 0 
6d116000-6d14e000 rw-p 00000000 00:00 0 
6d14e000-6d163000 rw-p 00000000 00:00 0 
6d163000-6d299000 rw-p 00000000 00:00 0 
6d299000-6d2a4000 rw-p 00000000 00:00 0 
6d2a4000-6d33f000 rw-p 00000000 00:00 0 
6d33f000-6e340000 rw-p 00000000 00:00 0 
6e340000-75340000 rw-p 00000000 00:00 0 
75340000-77ca0000 rw-p 00000000 00:00 0 
77ca0000-9e9f0000 rw-p 00000000 00:00 0 
9e9f0000-9fea0000 rw-p 00000000 00:00 0 
9fea0000-b3540000 rw-p 00000000 00:00 0 
b3540000-b3549000 rw-p 00000000 00:00 0 
b3549000-b3600000 rw-p 00000000 00:00 0 
b3600000-b3840000 rwxp 00000000 00:00 0 
b3840000-b6664000 rw-p 00000000 00:00 0 
b6664000-b6700000 ---p 00000000 00:00 0 
b671c000-b6727000 r-xp 00000000 08:05 523377     /lib/i386-linux-gnu/libnss_files-2.15.so
b6727000-b6728000 r--p 0000a000 08:05 523377     /lib/i386-linux-gnu/libnss_files-2.15.so
b6728000-b6729000 rw-p 0000b000 08:05 523377     /lib/i386-linux-gnu/libnss_files-2.15.so
b6729000-b6733000 r-xp 00000000 08:05 527317     /lib/i386-linux-gnu/libnss_nis-2.15.so
b6733000-b6734000 r--p 00009000 08:05 527317     /lib/i386-linux-gnu/libnss_nis-2.15.so
b6734000-b6735000 rw-p 0000a000 08:05 527317     /lib/i386-linux-gnu/libnss_nis-2.15.so
b6735000-b674b000 r-xp 00000000 08:05 530240     /lib/i386-linux-gnu/libnsl-2.15.so
b674b000-b674c000 r--p 00015000 08:05 530240     /lib/i386-linux-gnu/libnsl-2.15.so
b674c000-b674d000 rw-p 00016000 08:05 530240     /lib/i386-linux-gnu/libnsl-2.15.so
b674d000-b674f000 rw-p 00000000 00:00 0 
b674f000-b6756000 r-xp 00000000 08:05 523366     /lib/i386-linux-gnu/libnss_compat-2.15.so
b6756000-b6757000 r--p 00006000 08:05 523366     /lib/i386-linux-gnu/libnss_compat-2.15.so
b6757000-b6758000 rw-p 00007000 08:05 523366     /lib/i386-linux-gnu/libnss_compat-2.15.so
b6768000-b676f000 r-xp 00000000 08:05 1587573    /usr/lib/jvm/java-6-openjdk-i386/jre/lib/i386/libzip.so
b676f000-b6770000 r--p 00006000 08:05 1587573    /usr/lib/jvm/java-6-openjdk-i386/jre/lib/i386/libzip.so
b6770000-b6771000 rw-p 00007000 08:05 1587573    /usr/lib/jvm/java-6-openjdk-i386/jre/lib/i386/libzip.so
b6771000-b6797000 r-xp 00000000 08:05 1587572    /usr/lib/jvm/java-6-openjdk-i386/jre/lib/i386/libjava.so
b6797000-b6798000 r--p 00025000 08:05 1587572    /usr/lib/jvm/java-6-openjdk-i386/jre/lib/i386/libjava.so
b6798000-b679a000 rw-p 00026000 08:05 1587572    /usr/lib/jvm/java-6-openjdk-i386/jre/lib/i386/libjava.so
b679a000-b67a1000 r-xp 00000000 08:05 523493     /lib/i386-linux-gnu/librt-2.15.so
b67a1000-b67a2000 r--p 00006000 08:05 523493     /lib/i386-linux-gnu/librt-2.15.so
b67a2000-b67a3000 rw-p 00007000 08:05 523493     /lib/i386-linux-gnu/librt-2.15.so
b67a3000-b67a6000 ---p 00000000 00:00 0 
b67a6000-b67f4000 rw-p 00000000 00:00 0 
b67f4000-b6810000 r-xp 00000000 08:05 523272     /lib/i386-linux-gnu/libgcc_s.so.1
b6810000-b6811000 r--p 0001b000 08:05 523272     /lib/i386-linux-gnu/libgcc_s.so.1
b6811000-b6812000 rw-p 0001c000 08:05 523272     /lib/i386-linux-gnu/libgcc_s.so.1
b6812000-b683c000 r-xp 00000000 08:05 530231     /lib/i386-linux-gnu/libm-2.15.so
b683c000-b683d000 r--p 00029000 08:05 530231     /lib/i386-linux-gnu/libm-2.15.so
b683d000-b683e000 rw-p 0002a000 08:05 530231     /lib/i386-linux-gnu/libm-2.15.so
b683e000-b6916000 r-xp 00000000 08:05 1572621    /usr/lib/i386-linux-gnu/libstdc++.so.6.0.16
b6916000-b6917000 ---p 000d8000 08:05 1572621    /usr/lib/i386-linux-gnu/libstdc++.so.6.0.16
b6917000-b691b000 r--p 000d8000 08:05 1572621    /usr/lib/i386-linux-gnu/libstdc++.so.6.0.16
b691b000-b691c000 rw-p 000dc000 08:05 1572621    /usr/lib/i386-linux-gnu/libstdc++.so.6.0.16
b691c000-b6923000 rw-p 00000000 00:00 0 
b6923000-b7142000 r-xp 00000000 08:05 1587590    /usr/lib/jvm/java-6-openjdk-i386/jre/lib/i386/server/libjvm.so
b7142000-b7143000 ---p 0081f000 08:05 1587590    /usr/lib/jvm/java-6-openjdk-i386/jre/lib/i386/server/libjvm.so
b7143000-b7188000 r--p 0081f000 08:05 1587590    /usr/lib/jvm/java-6-openjdk-i386/jre/lib/i386/server/libjvm.so
b7188000-b7197000 rw-p 00864000 08:05 1587590    /usr/lib/jvm/java-6-openjdk-i386/jre/lib/i386/server/libjvm.so
b7197000-b75b3000 rw-p 00000000 00:00 0 
b75b3000-b75c7000 r-xp 00000000 08:05 523494     /lib/i386-linux-gnu/libz.so.1.2.3.4
b75c7000-b75c8000 r--p 00013000 08:05 523494     /lib/i386-linux-gnu/libz.so.1.2.3.4
b75c8000-b75c9000 rw-p 00014000 08:05 523494     /lib/i386-linux-gnu/libz.so.1.2.3.4
b75c9000-b776c000 r-xp 00000000 08:05 523364     /lib/i386-linux-gnu/libc-2.15.so
b776c000-b776d000 ---p 001a3000 08:05 523364     /lib/i386-linux-gnu/libc-2.15.so
b776d000-b776f000 r--p 001a3000 08:05 523364     /lib/i386-linux-gnu/libc-2.15.so
b776f000-b7770000 rw-p 001a5000 08:05 523364     /lib/i386-linux-gnu/libc-2.15.so
b7770000-b7773000 rw-p 00000000 00:00 0 
b7773000-b7776000 r-xp 00000000 08:05 530235     /lib/i386-linux-gnu/libdl-2.15.so
b7776000-b7777000 r--p 00002000 08:05 530235     /lib/i386-linux-gnu/libdl-2.15.so
b7777000-b7778000 rw-p 00003000 08:05 530235     /lib/i386-linux-gnu/libdl-2.15.so
b7778000-b777c000 r-xp 00000000 08:05 1587605    /usr/lib/jvm/java-6-openjdk-i386/jre/lib/i386/jli/libjli.so
b777c000-b777d000 r--p 00003000 08:05 1587605    /usr/lib/jvm/java-6-openjdk-i386/jre/lib/i386/jli/libjli.so
b777d000-b777e000 rw-p 00004000 08:05 1587605    /usr/lib/jvm/java-6-openjdk-i386/jre/lib/i386/jli/libjli.so
b777e000-b777f000 rw-p 00000000 00:00 0 
b777f000-b7796000 r-xp 00000000 08:05 527319     /lib/i386-linux-gnu/libpthread-2.15.so
b7796000-b7797000 r--p 00016000 08:05 527319     /lib/i386-linux-gnu/libpthread-2.15.so
b7797000-b7798000 rw-p 00017000 08:05 527319     /lib/i386-linux-gnu/libpthread-2.15.so
b7798000-b779a000 rw-p 00000000 00:00 0 
b779b000-b77a3000 rw-s 00000000 08:05 2500189    /tmp/hsperfdata_k-joseph/17128
b77a3000-b77a4000 rw-p 00000000 00:00 0 
b77a4000-b77a5000 r--p 00000000 00:00 0 
b77a5000-b77b0000 r-xp 00000000 08:05 1587602    /usr/lib/jvm/java-6-openjdk-i386/jre/lib/i386/libverify.so
b77b0000-b77b1000 ---p 0000b000 08:05 1587602    /usr/lib/jvm/java-6-openjdk-i386/jre/lib/i386/libverify.so
b77b1000-b77b2000 r--p 0000b000 08:05 1587602    /usr/lib/jvm/java-6-openjdk-i386/jre/lib/i386/libverify.so
b77b2000-b77b3000 rw-p 0000c000 08:05 1587602    /usr/lib/jvm/java-6-openjdk-i386/jre/lib/i386/libverify.so
b77b3000-b77b5000 rw-p 00000000 00:00 0 
b77b5000-b77b6000 r-xp 00000000 00:00 0          [vdso]
b77b6000-b77d6000 r-xp 00000000 08:05 530232     /lib/i386-linux-gnu/ld-2.15.so
b77d6000-b77d7000 r--p 0001f000 08:05 530232     /lib/i386-linux-gnu/ld-2.15.so
b77d7000-b77d8000 rw-p 00020000 08:05 530232     /lib/i386-linux-gnu/ld-2.15.so
bfa1a000-bfa3b000 rw-p 00000000 00:00 0          [stack]

VM Arguments:
jvm_args: -Dfile.encoding=UTF-8 -Xbootclasspath:/home/k-joseph/MyProgs/android/adt-bundle-linux-x86/sdk/platforms/android-17/android.jar 
java_command: com.jkaweesi.contactsBackUp.db.ContactsBackUpDBSQLQueries
Launcher Type: SUN_STANDARD

Environment Variables:
PATH=...(other path):/usr/lib/jvm/java-6-openjdk-i386/bin:/usr/lib/jvm/java-6-openjdk-i386/jre:/usr/lib/lightdm/lightdm:/usr/local/sbin:/usr/local/bin:/usr/sbin:/usr/bin:/sbin:/bin:/usr/games:/usr/local/games
LD_LIBRARY_PATH=/usr/lib/jvm/java-6-openjdk-i386/jre/lib/i386/server:/usr/lib/jvm/java-6-openjdk-i386/jre/lib/i386:/usr/lib/jvm/java-6-openjdk-i386/jre/../lib/i386:/usr/lib/jvm/java-6-openjdk-i386/jre/lib/i386/client:/usr/lib/jvm/java-6-openjdk-i386/jre/lib/i386:
SHELL=/bin/bash
DISPLAY=:0.0

Signal Handlers:
SIGSEGV: [libjvm.so+0x66b360], sa_mask[0]=0x7ffbfeff, sa_flags=0x10000004
SIGBUS: [libjvm.so+0x66b360], sa_mask[0]=0x7ffbfeff, sa_flags=0x10000004
SIGFPE: [libjvm.so+0x52e900], sa_mask[0]=0x7ffbfeff, sa_flags=0x10000004
SIGPIPE: [libjvm.so+0x52e900], sa_mask[0]=0x7ffbfeff, sa_flags=0x10000004
SIGXFSZ: [libjvm.so+0x52e900], sa_mask[0]=0x7ffbfeff, sa_flags=0x10000004
SIGILL: [libjvm.so+0x52e900], sa_mask[0]=0x7ffbfeff, sa_flags=0x10000004
SIGUSR1: SIG_DFL, sa_mask[0]=0x00000000, sa_flags=0x00000000
SIGUSR2: [libjvm.so+0x52e790], sa_mask[0]=0x00000004, sa_flags=0x10000004
SIGHUP: SIG_DFL, sa_mask[0]=0x00000000, sa_flags=0x00000000
SIGINT: SIG_DFL, sa_mask[0]=0x00000000, sa_flags=0x00000000
SIGTERM: SIG_DFL, sa_mask[0]=0x00000000, sa_flags=0x00000000
SIGQUIT: SIG_DFL, sa_mask[0]=0x00000000, sa_flags=0x00000000


---------------  S Y S T E M  ---------------

OS:Ubuntu 12.04 (precise)
uname:Linux 3.2.0-17-generic-pae #27-Ubuntu SMP Fri Feb 24 15:59:25 UTC 2012 i686
libc:glibc 2.15 NPTL 2.15 
rlimit: STACK 8192k, CORE 0k, NPROC 31647, NOFILE 4096, AS infinity
load average:0.11 0.09 0.13

/proc/meminfo:
MemTotal:        4065408 kB
MemFree:          337004 kB
Buffers:          338216 kB
Cached:          1184448 kB
SwapCached:        28948 kB
Active:          2415536 kB
Inactive:        1157860 kB
Active(anon):    1809208 kB
Inactive(anon):   429880 kB
Active(file):     606328 kB
Inactive(file):   727980 kB
Unevictable:           0 kB
Mlocked:               0 kB
HighTotal:       3227912 kB
HighFree:         110184 kB
LowTotal:         837496 kB
LowFree:          226820 kB
SwapTotal:       5188600 kB
SwapFree:        4979576 kB
Dirty:                72 kB
Writeback:             0 kB
AnonPages:       2031740 kB
Mapped:           139872 kB
Shmem:            187968 kB
Slab:             110464 kB
SReclaimable:      79104 kB
SUnreclaim:        31360 kB
KernelStack:        4224 kB
PageTables:        14812 kB
NFS_Unstable:          0 kB
Bounce:                0 kB
WritebackTmp:          0 kB
CommitLimit:     7221304 kB
Committed_AS:    5388260 kB
VmallocTotal:     122880 kB
VmallocUsed:       21416 kB
VmallocChunk:      96124 kB
HardwareCorrupted:     0 kB
AnonHugePages:         0 kB
HugePages_Total:       0
HugePages_Free:        0
HugePages_Rsvd:        0
HugePages_Surp:        0
Hugepagesize:       2048 kB
DirectMap4k:       12280 kB
DirectMap2M:      901120 kB


CPU:total 4 (2 cores per cpu, 2 threads per core) family 6 model 42 stepping 7, cmov, cx8, fxsr, mmx, sse, sse2, sse3, ssse3, sse4.1, sse4.2, popcnt, ht

Memory: 4k page, physical 4065408k(337004k free), swap 5188600k(4979576k free)

vm_info: OpenJDK Server VM (20.0-b12) for linux-x86 JRE (1.6.0_27-b27), built on Mar  5 2013 00:35:40 by "buildd" with gcc 4.6.3

time: Mon Sep  1 23:47:02 2014
elapsed time: 0 seconds

