#
# A fatal error has been detected by the Java Runtime Environment:
#
#  Internal Error (classFileParser.cpp:3494), pid=29933, tid=3061263168
#  Error: ShouldNotReachHere()
#
# JRE version: 6.0_27-b27
# Java VM: OpenJDK Server VM (20.0-b12 mixed mode linux-x86 )
# Derivative: IcedTea6 1.12.3
# Distribution: Ubuntu 12.04 LTS, package 6b27-1.12.3-0ubuntu1~12.04.1
# If you would like to submit a bug report, please include
# instructions how to reproduce the bug and visit:
#   https://bugs.launchpad.net/ubuntu/+source/openjdk-6/
#

---------------  T H R E A D  ---------------

Current thread (0xb6605400):  JavaThread "Unknown thread" [_thread_in_vm, id=29938, stack(0xb6722000,0xb6773000)]

Stack: [0xb6722000,0xb6773000]
[error occurred during error reporting (printing stack bounds), id 0xb]


[error occurred during error reporting (printing native stack), id 0xb]


---------------  P R O C E S S  ---------------

Java Threads: ( => current thread )

Other Threads:

=>0xb6605400 (exited) JavaThread "Unknown thread" [_thread_in_vm, id=29938, stack(0xb6722000,0xb6773000)]

VM state:not at safepoint (not fully initialized)

VM Mutex/Monitor currently owned by a thread: None

Dynamic libraries:
08048000-08051000 r-xp 00000000 08:05 1587643    /usr/lib/jvm/java-6-openjdk-i386/jre/bin/java
08051000-08052000 r--p 00008000 08:05 1587643    /usr/lib/jvm/java-6-openjdk-i386/jre/bin/java
08052000-08053000 rw-p 00009000 08:05 1587643    /usr/lib/jvm/java-6-openjdk-i386/jre/bin/java
09d36000-09d57000 rw-p 00000000 00:00 0          [heap]
6c73b000-6c800000 r--s 0115c000 08:05 821668     /home/k-joseph/MyProgs/android/adt-bundle-linux-x86/sdk/platforms/android-17/android.jar
6c800000-6c821000 rw-p 00000000 00:00 0 
6c821000-6c900000 ---p 00000000 00:00 0 
6c97f000-6c980000 ---p 00000000 00:00 0 
6c980000-6ca00000 rw-p 00000000 00:00 0 
6ca00000-6ca21000 rw-p 00000000 00:00 0 
6ca21000-6cb00000 ---p 00000000 00:00 0 
6cb00000-6cb21000 rw-p 00000000 00:00 0 
6cb21000-6cc00000 ---p 00000000 00:00 0 
6cc7f000-6cc80000 ---p 00000000 00:00 0 
6cc80000-6cd00000 rw-p 00000000 00:00 0 
6cd00000-6cd21000 rw-p 00000000 00:00 0 
6cd21000-6ce00000 ---p 00000000 00:00 0 
6ce20000-6ce21000 ---p 00000000 00:00 0 
6ce21000-6cea1000 rw-p 00000000 00:00 0 
6cea1000-6cea2000 ---p 00000000 00:00 0 
6cea2000-6cf2a000 rw-p 00000000 00:00 0 
6cf2a000-6cf62000 rw-p 00000000 00:00 0 
6cf62000-6cf77000 rw-p 00000000 00:00 0 
6cf77000-6d0ae000 rw-p 00000000 00:00 0 
6d0ae000-6d0b6000 rw-p 00000000 00:00 0 
6d0b6000-6d0ee000 rw-p 00000000 00:00 0 
6d0ee000-6d103000 rw-p 00000000 00:00 0 
6d103000-6d239000 rw-p 00000000 00:00 0 
6d239000-6d244000 rw-p 00000000 00:00 0 
6d244000-6d2df000 rw-p 00000000 00:00 0 
6d2df000-6e2e0000 rw-p 00000000 00:00 0 
6e2e0000-752e0000 rw-p 00000000 00:00 0 
752e0000-77c40000 rw-p 00000000 00:00 0 
77c40000-9e990000 rw-p 00000000 00:00 0 
9e990000-9fe40000 rw-p 00000000 00:00 0 
9fe40000-b34e0000 rw-p 00000000 00:00 0 
b34e4000-b34ed000 rw-p 00000000 00:00 0 
b34ed000-b35a4000 rw-p 00000000 00:00 0 
b35a4000-b37e4000 rwxp 00000000 00:00 0 
b37e4000-b65a4000 rw-p 00000000 00:00 0 
b65a4000-b65af000 r-xp 00000000 08:05 523377     /lib/i386-linux-gnu/libnss_files-2.15.so
b65af000-b65b0000 r--p 0000a000 08:05 523377     /lib/i386-linux-gnu/libnss_files-2.15.so
b65b0000-b65b1000 rw-p 0000b000 08:05 523377     /lib/i386-linux-gnu/libnss_files-2.15.so
b65b1000-b65bb000 r-xp 00000000 08:05 527317     /lib/i386-linux-gnu/libnss_nis-2.15.so
b65bb000-b65bc000 r--p 00009000 08:05 527317     /lib/i386-linux-gnu/libnss_nis-2.15.so
b65bc000-b65bd000 rw-p 0000a000 08:05 527317     /lib/i386-linux-gnu/libnss_nis-2.15.so
b65bd000-b65d3000 r-xp 00000000 08:05 530240     /lib/i386-linux-gnu/libnsl-2.15.so
b65d3000-b65d4000 r--p 00015000 08:05 530240     /lib/i386-linux-gnu/libnsl-2.15.so
b65d4000-b65d5000 rw-p 00016000 08:05 530240     /lib/i386-linux-gnu/libnsl-2.15.so
b65d5000-b65d7000 rw-p 00000000 00:00 0 
b65d7000-b65fd000 r-xp 00000000 08:05 1587572    /usr/lib/jvm/java-6-openjdk-i386/jre/lib/i386/libjava.so
b65fd000-b65fe000 r--p 00025000 08:05 1587572    /usr/lib/jvm/java-6-openjdk-i386/jre/lib/i386/libjava.so
b65fe000-b6600000 rw-p 00026000 08:05 1587572    /usr/lib/jvm/java-6-openjdk-i386/jre/lib/i386/libjava.so
b6600000-b6664000 rw-p 00000000 00:00 0 
b6664000-b6700000 ---p 00000000 00:00 0 
b6708000-b670f000 r-xp 00000000 08:05 1587573    /usr/lib/jvm/java-6-openjdk-i386/jre/lib/i386/libzip.so
b670f000-b6710000 r--p 00006000 08:05 1587573    /usr/lib/jvm/java-6-openjdk-i386/jre/lib/i386/libzip.so
b6710000-b6711000 rw-p 00007000 08:05 1587573    /usr/lib/jvm/java-6-openjdk-i386/jre/lib/i386/libzip.so
b6711000-b6719000 rw-s 00000000 08:05 2500576    /tmp/hsperfdata_k-joseph/29933
b6719000-b6720000 r-xp 00000000 08:05 523493     /lib/i386-linux-gnu/librt-2.15.so
b6720000-b6721000 r--p 00006000 08:05 523493     /lib/i386-linux-gnu/librt-2.15.so
b6721000-b6722000 rw-p 00007000 08:05 523493     /lib/i386-linux-gnu/librt-2.15.so
b6722000-b6725000 ---p 00000000 00:00 0 
b6725000-b6773000 rw-p 00000000 00:00 0 
b6773000-b678f000 r-xp 00000000 08:05 523272     /lib/i386-linux-gnu/libgcc_s.so.1
b678f000-b6790000 r--p 0001b000 08:05 523272     /lib/i386-linux-gnu/libgcc_s.so.1
b6790000-b6791000 rw-p 0001c000 08:05 523272     /lib/i386-linux-gnu/libgcc_s.so.1
b6791000-b67bb000 r-xp 00000000 08:05 530231     /lib/i386-linux-gnu/libm-2.15.so
b67bb000-b67bc000 r--p 00029000 08:05 530231     /lib/i386-linux-gnu/libm-2.15.so
b67bc000-b67bd000 rw-p 0002a000 08:05 530231     /lib/i386-linux-gnu/libm-2.15.so
b67bd000-b6895000 r-xp 00000000 08:05 1572621    /usr/lib/i386-linux-gnu/libstdc++.so.6.0.16
b6895000-b6896000 ---p 000d8000 08:05 1572621    /usr/lib/i386-linux-gnu/libstdc++.so.6.0.16
b6896000-b689a000 r--p 000d8000 08:05 1572621    /usr/lib/i386-linux-gnu/libstdc++.so.6.0.16
b689a000-b689b000 rw-p 000dc000 08:05 1572621    /usr/lib/i386-linux-gnu/libstdc++.so.6.0.16
b689b000-b68a2000 rw-p 00000000 00:00 0 
b68a2000-b70c1000 r-xp 00000000 08:05 1587590    /usr/lib/jvm/java-6-openjdk-i386/jre/lib/i386/server/libjvm.so
b70c1000-b70c2000 ---p 0081f000 08:05 1587590    /usr/lib/jvm/java-6-openjdk-i386/jre/lib/i386/server/libjvm.so
b70c2000-b7107000 r--p 0081f000 08:05 1587590    /usr/lib/jvm/java-6-openjdk-i386/jre/lib/i386/server/libjvm.so
b7107000-b7116000 rw-p 00864000 08:05 1587590    /usr/lib/jvm/java-6-openjdk-i386/jre/lib/i386/server/libjvm.so
b7116000-b7532000 rw-p 00000000 00:00 0 
b7532000-b7546000 r-xp 00000000 08:05 523494     /lib/i386-linux-gnu/libz.so.1.2.3.4
b7546000-b7547000 r--p 00013000 08:05 523494     /lib/i386-linux-gnu/libz.so.1.2.3.4
b7547000-b7548000 rw-p 00014000 08:05 523494     /lib/i386-linux-gnu/libz.so.1.2.3.4
b7548000-b76eb000 r-xp 00000000 08:05 523364     /lib/i386-linux-gnu/libc-2.15.so
b76eb000-b76ec000 ---p 001a3000 08:05 523364     /lib/i386-linux-gnu/libc-2.15.so
b76ec000-b76ee000 r--p 001a3000 08:05 523364     /lib/i386-linux-gnu/libc-2.15.so
b76ee000-b76ef000 rw-p 001a5000 08:05 523364     /lib/i386-linux-gnu/libc-2.15.so
b76ef000-b76f2000 rw-p 00000000 00:00 0 
b76f2000-b76f5000 r-xp 00000000 08:05 530235     /lib/i386-linux-gnu/libdl-2.15.so
b76f5000-b76f6000 r--p 00002000 08:05 530235     /lib/i386-linux-gnu/libdl-2.15.so
b76f6000-b76f7000 rw-p 00003000 08:05 530235     /lib/i386-linux-gnu/libdl-2.15.so
b76f7000-b76fb000 r-xp 00000000 08:05 1587605    /usr/lib/jvm/java-6-openjdk-i386/jre/lib/i386/jli/libjli.so
b76fb000-b76fc000 r--p 00003000 08:05 1587605    /usr/lib/jvm/java-6-openjdk-i386/jre/lib/i386/jli/libjli.so
b76fc000-b76fd000 rw-p 00004000 08:05 1587605    /usr/lib/jvm/java-6-openjdk-i386/jre/lib/i386/jli/libjli.so
b76fd000-b76fe000 rw-p 00000000 00:00 0 
b76fe000-b7715000 r-xp 00000000 08:05 527319     /lib/i386-linux-gnu/libpthread-2.15.so
b7715000-b7716000 r--p 00016000 08:05 527319     /lib/i386-linux-gnu/libpthread-2.15.so
b7716000-b7717000 rw-p 00017000 08:05 527319     /lib/i386-linux-gnu/libpthread-2.15.so
b7717000-b7719000 rw-p 00000000 00:00 0 
b7719000-b7720000 r-xp 00000000 08:05 523366     /lib/i386-linux-gnu/libnss_compat-2.15.so
b7720000-b7721000 r--p 00006000 08:05 523366     /lib/i386-linux-gnu/libnss_compat-2.15.so
b7721000-b7722000 rw-p 00007000 08:05 523366     /lib/i386-linux-gnu/libnss_compat-2.15.so
b7722000-b7723000 rw-p 00000000 00:00 0 
b7723000-b7724000 r--p 00000000 00:00 0 
b7724000-b772f000 r-xp 00000000 08:05 1587602    /usr/lib/jvm/java-6-openjdk-i386/jre/lib/i386/libverify.so
b772f000-b7730000 ---p 0000b000 08:05 1587602    /usr/lib/jvm/java-6-openjdk-i386/jre/lib/i386/libverify.so
b7730000-b7731000 r--p 0000b000 08:05 1587602    /usr/lib/jvm/java-6-openjdk-i386/jre/lib/i386/libverify.so
b7731000-b7732000 rw-p 0000c000 08:05 1587602    /usr/lib/jvm/java-6-openjdk-i386/jre/lib/i386/libverify.so
b7732000-b7734000 rw-p 00000000 00:00 0 
b7734000-b7735000 r-xp 00000000 00:00 0          [vdso]
b7735000-b7755000 r-xp 00000000 08:05 530232     /lib/i386-linux-gnu/ld-2.15.so
b7755000-b7756000 r--p 0001f000 08:05 530232     /lib/i386-linux-gnu/ld-2.15.so
b7756000-b7757000 rw-p 00020000 08:05 530232     /lib/i386-linux-gnu/ld-2.15.so
bfb8d000-bfbae000 rw-p 00000000 00:00 0          [stack]

VM Arguments:
jvm_args: -Dfile.encoding=UTF-8 -Xbootclasspath:/home/k-joseph/MyProgs/android/adt-bundle-linux-x86/sdk/platforms/android-17/android.jar 
java_command: com.jkaweesi.contactsBackUp.db.ContactsBackUpDBSQLQueries
Launcher Type: SUN_STANDARD

Environment Variables:
PATH=...(other path):/usr/lib/jvm/java-6-openjdk-i386/bin:/usr/lib/jvm/java-6-openjdk-i386/jre:/usr/lib/lightdm/lightdm:/usr/local/sbin:/usr/local/bin:/usr/sbin:/usr/bin:/sbin:/bin:/usr/games:/usr/local/games
LD_LIBRARY_PATH=/usr/lib/jvm/java-6-openjdk-i386/jre/lib/i386/server:/usr/lib/jvm/java-6-openjdk-i386/jre/lib/i386:/usr/lib/jvm/java-6-openjdk-i386/jre/../lib/i386:/usr/lib/jvm/java-6-openjdk-i386/jre/lib/i386/client:/usr/lib/jvm/java-6-openjdk-i386/jre/lib/i386:
SHELL=/bin/bash
DISPLAY=:0.0

Signal Handlers:
SIGSEGV: [libjvm.so+0x66b360], sa_mask[0]=0x7ffbfeff, sa_flags=0x10000004
SIGBUS: [libjvm.so+0x66b360], sa_mask[0]=0x7ffbfeff, sa_flags=0x10000004
SIGFPE: [libjvm.so+0x52e900], sa_mask[0]=0x7ffbfeff, sa_flags=0x10000004
SIGPIPE: [libjvm.so+0x52e900], sa_mask[0]=0x7ffbfeff, sa_flags=0x10000004
SIGXFSZ: [libjvm.so+0x52e900], sa_mask[0]=0x7ffbfeff, sa_flags=0x10000004
SIGILL: [libjvm.so+0x52e900], sa_mask[0]=0x7ffbfeff, sa_flags=0x10000004
SIGUSR1: SIG_DFL, sa_mask[0]=0x00000000, sa_flags=0x00000000
SIGUSR2: [libjvm.so+0x52e790], sa_mask[0]=0x00000004, sa_flags=0x10000004
SIGHUP: SIG_DFL, sa_mask[0]=0x00000000, sa_flags=0x00000000
SIGINT: SIG_DFL, sa_mask[0]=0x00000000, sa_flags=0x00000000
SIGTERM: SIG_DFL, sa_mask[0]=0x00000000, sa_flags=0x00000000
SIGQUIT: SIG_DFL, sa_mask[0]=0x00000000, sa_flags=0x00000000


---------------  S Y S T E M  ---------------

OS:Ubuntu 12.04 (precise)
uname:Linux 3.2.0-17-generic-pae #27-Ubuntu SMP Fri Feb 24 15:59:25 UTC 2012 i686
libc:glibc 2.15 NPTL 2.15 
rlimit: STACK 8192k, CORE 0k, NPROC 31647, NOFILE 4096, AS infinity
load average:0.16 0.13 0.14

/proc/meminfo:
MemTotal:        4065408 kB
MemFree:         1094896 kB
Buffers:          156444 kB
Cached:          1172852 kB
SwapCached:       103764 kB
Active:          1916268 kB
Inactive:         955096 kB
Active(anon):    1457464 kB
Inactive(anon):   327452 kB
Active(file):     458804 kB
Inactive(file):   627644 kB
Unevictable:           0 kB
Mlocked:               0 kB
HighTotal:       3227912 kB
HighFree:         501304 kB
LowTotal:         837496 kB
LowFree:          593592 kB
SwapTotal:       5188600 kB
SwapFree:        4406280 kB
Dirty:              2608 kB
Writeback:             0 kB
AnonPages:       1503932 kB
Mapped:           139688 kB
Shmem:            242752 kB
Slab:              53352 kB
SReclaimable:      28704 kB
SUnreclaim:        24648 kB
KernelStack:        4272 kB
PageTables:        16560 kB
NFS_Unstable:          0 kB
Bounce:                0 kB
WritebackTmp:          0 kB
CommitLimit:     7221304 kB
Committed_AS:    5795016 kB
VmallocTotal:     122880 kB
VmallocUsed:       21388 kB
VmallocChunk:      94804 kB
HardwareCorrupted:     0 kB
AnonHugePages:         0 kB
HugePages_Total:       0
HugePages_Free:        0
HugePages_Rsvd:        0
HugePages_Surp:        0
Hugepagesize:       2048 kB
DirectMap4k:       12280 kB
DirectMap2M:      901120 kB


CPU:total 4 (2 cores per cpu, 2 threads per core) family 6 model 42 stepping 7, cmov, cx8, fxsr, mmx, sse, sse2, sse3, ssse3, sse4.1, sse4.2, popcnt, ht

Memory: 4k page, physical 4065408k(1094896k free), swap 5188600k(4406280k free)

vm_info: OpenJDK Server VM (20.0-b12) for linux-x86 JRE (1.6.0_27-b27), built on Mar  5 2013 00:35:40 by "buildd" with gcc 4.6.3

time: Wed Aug 27 13:08:26 2014
elapsed time: 0 seconds

